mode: atomic
github.com/example/repartners-pack-calculator/cmd/server/main.go:13.13,20.16 4 0
github.com/example/repartners-pack-calculator/cmd/server/main.go:20.16,22.3 1 0
github.com/example/repartners-pack-calculator/cmd/server/main.go:24.2,25.16 2 0
github.com/example/repartners-pack-calculator/cmd/server/main.go:25.16,27.3 1 0
github.com/example/repartners-pack-calculator/cmd/server/main.go:29.2,30.16 2 0
github.com/example/repartners-pack-calculator/cmd/server/main.go:30.16,32.3 1 0
github.com/example/repartners-pack-calculator/cmd/server/main.go:34.2,35.77 2 0
github.com/example/repartners-pack-calculator/cmd/server/main.go:35.77,37.3 1 0
github.com/example/repartners-pack-calculator/cmd/server/main.go:40.48,42.17 2 0
github.com/example/repartners-pack-calculator/cmd/server/main.go:42.17,44.3 1 0
github.com/example/repartners-pack-calculator/cmd/server/main.go:45.2,45.14 1 0
github.com/example/repartners-pack-calculator/internal/config/config.go:15.43,17.16 2 0
github.com/example/repartners-pack-calculator/internal/config/config.go:17.16,19.3 1 0
github.com/example/repartners-pack-calculator/internal/config/config.go:20.2,23.59 3 0
github.com/example/repartners-pack-calculator/internal/config/config.go:23.59,25.3 1 0
github.com/example/repartners-pack-calculator/internal/config/config.go:29.2,29.39 1 0
github.com/example/repartners-pack-calculator/internal/config/config.go:29.39,31.3 1 0
github.com/example/repartners-pack-calculator/internal/config/config.go:33.2,33.17 1 0
github.com/example/repartners-pack-calculator/internal/config/config.go:36.38,37.27 1 0
github.com/example/repartners-pack-calculator/internal/config/config.go:37.27,39.3 1 0
github.com/example/repartners-pack-calculator/internal/config/config.go:42.2,43.35 2 0
github.com/example/repartners-pack-calculator/internal/config/config.go:43.35,44.16 1 0
github.com/example/repartners-pack-calculator/internal/config/config.go:44.16,46.4 1 0
github.com/example/repartners-pack-calculator/internal/config/config.go:47.3,47.38 1 0
github.com/example/repartners-pack-calculator/internal/config/config.go:47.38,49.4 1 0
github.com/example/repartners-pack-calculator/internal/config/config.go:50.3,50.26 1 0
github.com/example/repartners-pack-calculator/internal/config/config.go:53.2,54.12 2 0
github.com/example/repartners-pack-calculator/internal/httpapi/server.go:35.82,37.16 2 2
github.com/example/repartners-pack-calculator/internal/httpapi/server.go:37.16,39.3 1 0
github.com/example/repartners-pack-calculator/internal/httpapi/server.go:41.2,47.20 2 2
github.com/example/repartners-pack-calculator/internal/httpapi/server.go:50.40,55.78 5 2
github.com/example/repartners-pack-calculator/internal/httpapi/server.go:55.78,58.3 2 0
github.com/example/repartners-pack-calculator/internal/httpapi/server.go:59.2,59.12 1 2
github.com/example/repartners-pack-calculator/internal/httpapi/server.go:62.77,64.65 2 2
github.com/example/repartners-pack-calculator/internal/httpapi/server.go:64.65,67.3 2 1
github.com/example/repartners-pack-calculator/internal/httpapi/server.go:69.2,70.16 2 1
github.com/example/repartners-pack-calculator/internal/httpapi/server.go:70.16,73.3 2 0
github.com/example/repartners-pack-calculator/internal/httpapi/server.go:75.2,75.37 1 1
github.com/example/repartners-pack-calculator/internal/httpapi/server.go:78.49,79.54 1 4
github.com/example/repartners-pack-calculator/internal/httpapi/server.go:79.54,81.34 2 0
github.com/example/repartners-pack-calculator/internal/httpapi/server.go:81.34,86.18 3 0
github.com/example/repartners-pack-calculator/internal/httpapi/server.go:86.18,88.5 1 0
github.com/example/repartners-pack-calculator/internal/httpapi/server.go:88.10,90.23 2 0
github.com/example/repartners-pack-calculator/internal/httpapi/server.go:90.23,92.6 1 0
github.com/example/repartners-pack-calculator/internal/httpapi/server.go:92.11,94.6 1 0
github.com/example/repartners-pack-calculator/internal/httpapi/server.go:98.3,98.76 1 0
github.com/example/repartners-pack-calculator/internal/httpapi/server.go:98.76,100.4 1 0
github.com/example/repartners-pack-calculator/internal/httpapi/server.go:104.64,108.2 3 2
github.com/example/repartners-pack-calculator/internal/packing/calculator.go:31.58,32.25 1 5
github.com/example/repartners-pack-calculator/internal/packing/calculator.go:32.25,34.3 1 0
github.com/example/repartners-pack-calculator/internal/packing/calculator.go:37.2,41.38 4 5
github.com/example/repartners-pack-calculator/internal/packing/calculator.go:41.38,42.16 1 14
github.com/example/repartners-pack-calculator/internal/packing/calculator.go:42.16,44.4 1 0
github.com/example/repartners-pack-calculator/internal/packing/calculator.go:45.3,45.47 1 14
github.com/example/repartners-pack-calculator/internal/packing/calculator.go:45.47,47.4 1 1
github.com/example/repartners-pack-calculator/internal/packing/calculator.go:50.2,50.48 1 4
github.com/example/repartners-pack-calculator/internal/packing/calculator.go:53.67,54.24 1 9
github.com/example/repartners-pack-calculator/internal/packing/calculator.go:54.24,56.3 1 1
github.com/example/repartners-pack-calculator/internal/packing/calculator.go:60.2,68.47 5 8
github.com/example/repartners-pack-calculator/internal/packing/calculator.go:68.47,70.21 2 545862
github.com/example/repartners-pack-calculator/internal/packing/calculator.go:70.21,71.12 1 45781
github.com/example/repartners-pack-calculator/internal/packing/calculator.go:74.3,74.40 1 500081
github.com/example/repartners-pack-calculator/internal/packing/calculator.go:74.40,76.30 2 1500608
github.com/example/repartners-pack-calculator/internal/packing/calculator.go:76.30,77.13 1 324
github.com/example/repartners-pack-calculator/internal/packing/calculator.go:80.4,91.71 6 1500284
github.com/example/repartners-pack-calculator/internal/packing/calculator.go:91.71,93.5 1 500073
github.com/example/repartners-pack-calculator/internal/packing/calculator.go:97.2,97.59 1 8
github.com/example/repartners-pack-calculator/internal/packing/calculator.go:97.59,99.18 2 1004
github.com/example/repartners-pack-calculator/internal/packing/calculator.go:99.18,100.12 1 996
github.com/example/repartners-pack-calculator/internal/packing/calculator.go:102.3,102.49 1 8
github.com/example/repartners-pack-calculator/internal/packing/calculator.go:105.2,105.64 1 0
github.com/example/repartners-pack-calculator/internal/packing/calculator.go:108.79,112.57 2 8
github.com/example/repartners-pack-calculator/internal/packing/calculator.go:112.57,114.17 2 35
github.com/example/repartners-pack-calculator/internal/packing/calculator.go:114.17,115.12 1 20
github.com/example/repartners-pack-calculator/internal/packing/calculator.go:117.3,120.5 1 15
github.com/example/repartners-pack-calculator/internal/packing/calculator.go:123.2,128.3 1 8
